<?xml version="1.0" encoding="UTF-8"?>
<!-- Generated by org.testng.reporters.JUnitXMLReporter -->
<testsuite ignored="0" hostname="appinventiv-Latitude-7420" failures="2" tests="2" name="Test" time="37.18" errors="0" timestamp="2025-04-03T23:57:15 IST">
  <testcase classname="org.ankurgoyal.AmountCaluculationValidation" name="amountCalculation" time="14.86">
    <failure type="java.lang.AssertionError" message="expected [280.97] but found [281.97]">
      <![CDATA[java.lang.AssertionError: expected [280.97] but found [281.97]
at org.ankurgoyal.AmountCaluculationValidation.amountCalculation(AmountCaluculationValidation.java:57)
at java.base/java.util.ArrayList.forEach(ArrayList.java:1511)
... Removed 31 stack frames]]>
    </failure>
  </testcase> <!-- amountCalculation -->
  <testcase classname="org.ankurgoyal.AmountCaluculationValidation" name="amountCalculation" time="12.957">
    <failure type="java.lang.AssertionError" message="expected [280.97] but found [281.97]">
      <![CDATA[java.lang.AssertionError: expected [280.97] but found [281.97]
at org.ankurgoyal.AmountCaluculationValidation.amountCalculation(AmountCaluculationValidation.java:57)
at java.base/java.util.ArrayList.forEach(ArrayList.java:1511)
... Removed 31 stack frames]]>
    </failure>
  </testcase> <!-- amountCalculation -->
</testsuite> <!-- Test -->
